AnimTK will save files with base name example in /home/mornifle/dev/animtk/data/example/
processing Armature Armature
[1.000000, 0.000000, 0.000000, 0.000000](matrix [row 0])
[0.000000, 1.000000, 0.000000, 0.000000](matrix [row 1])
[0.000000, 0.000000, 1.000000, 0.000000](matrix [row 2])
[0.000000, 0.000000, 0.000000, 1.000000](matrix [row 3]) armature
action ipos [('Bone.001', [Ipo "ActIpo.001" (Action)]), ('Bone.002', [Ipo "ActIpo" (Action)]), ('Bone', [Ipo "ActIpo.002" (Action)])]
is Bone.001 in ['Bone.001', 'Bone.002', 'Bone']
Action linked to Armature
Bone.001
Bone.001 [Ipo "ActIpo.001" (Action)]
Rotation
  [1.000000, 0.000000, 0.000000, 0.000000](quaternion) at time 0.0
  [0.707107, 0.707107, 0.000000, 0.000000](quaternion) at time 1.97137863159
  [0.707107, 0.707107, 0.000000, 0.000000](quaternion) at time 3.96
Scale
  [1.000000, 1.000000, 1.000000](vector) at time 0.0
  [1.000000, 1.000000, 1.000000](vector) at time 1.97137863159
Translation
  [0.000000, 0.000000, 0.000000](vector) at time 0.0
  [0.000000, 0.000000, 0.000000](vector) at time 1.97137863159
  [0.000000, 0.000000, 0.000000](vector) at time 3.96
Bone.002
Bone.002 [Ipo "ActIpo" (Action)]
Rotation
  [1.000000, 0.000000, 0.000000, 0.000000](quaternion) at time 0.0
  [1.000000, 0.000000, 0.000000, 0.000000](quaternion) at time 1.97137863159
  [0.707107, 0.707107, 0.000000, 0.000000](quaternion) at time 3.9709954834
Scale
  [1.000000, 1.000000, 1.000000](vector) at time 0.0
  [1.000000, 1.000000, 1.000000](vector) at time 1.97137863159
  [1.000000, 1.000000, 1.000000](vector) at time 3.9709954834
Translation
  [0.000000, 0.000000, 0.000000](vector) at time 0.0
  [0.000000, 0.000000, 0.000000](vector) at time 1.97137863159
  [0.000000, 0.000000, 0.000000](vector) at time 3.9709954834
Bone
Bone [Ipo "ActIpo.002" (Action)]
Rotation
  [1.000000, 0.000000, 0.000000, 0.000000](quaternion) at time 0.0
  [1.000000, 0.000000, 0.000000, 0.000000](quaternion) at time 3.96
Translation
  [0.000000, 0.000000, 0.000000](vector) at time 0.0
  [0.000000, 0.000000, 0.000000](vector) at time 3.96
processing Mesh Cube
warning action Action is affected to Cube (skipped)
no animation exported for Cube
exporting mesh Cube
vertex groups found for mesh Cube exporting skinning
Bone
Bone.001
Bone.002
